#
# A fatal error has been detected by the Java Runtime Environment:
#
#  EXCEPTION_ACCESS_VIOLATION (0xc0000005) at pc=0x0000000052c899c1, pid=10292, tid=8372
#
# JRE version: Java(TM) SE Runtime Environment (8.0_91-b15) (build 1.8.0_91-b15)
# Java VM: Java HotSpot(TM) 64-Bit Server VM (25.91-b15 mixed mode windows-amd64 compressed oops)
# Problematic frame:
# C  [nvoglv64.DLL+0xbb99c1]
#
# Failed to write core dump. Minidumps are not enabled by default on client versions of Windows
#
# If you would like to submit a bug report, please visit:
#   http://bugreport.java.com/bugreport/crash.jsp
# The crash happened outside the Java Virtual Machine in native code.
# See problematic frame for where to report the bug.
#

---------------  T H R E A D  ---------------

Current thread (0x0000000003074000):  JavaThread "Client thread" [_thread_in_native, id=8372, stack(0x0000000002f70000,0x0000000003070000)]

siginfo: ExceptionCode=0xc0000005, reading address 0xffffffffffffffff

Registers:
RAX=0x10000000005bee28, RBX=0x0000000000000000, RCX=0x000000005b96ed80, RDX=0x000000000133c3c0
RSP=0x000000000306e9b0, RBP=0x000000005b96ed80, RSI=0x0000000000000000, RDI=0x0000000000000000
R8 =0x00000000ffffffff, R9 =0x0000000000000000, R10=0x0000000000000000, R11=0x0000000000000064
R12=0x00000000ffffffff, R13=0x000000001b09ccf0, R14=0x000000000133c3c0, R15=0x0000000000000000
RIP=0x0000000052c899c1, EFLAGS=0x0000000000010246

Top of Stack: (sp=0x000000000306e9b0)
0x000000000306e9b0:   0000000000000000 00007ffe0a977072
0x000000000306e9c0:   0000000000000000 00000000623bfe30
0x000000000306e9d0:   000000001b09d148 0000000000000000
0x000000000306e9e0:   0000000000000001 0000000052c8a574
0x000000000306e9f0:   000000005b96ed80 000000005b96f190
0x000000000306ea00:   0000000000000000 0000000000000001
0x000000000306ea10:   0000000000000001 0000000000000012
0x000000000306ea20:   0000000000000002 0000000000000001
0x000000000306ea30:   000000001b09ccf0 0000000052c8daf4
0x000000000306ea40:   000000001ba00080 0000000000000000
0x000000000306ea50:   0000000000000001 fffffffbc308fe35
0x000000000306ea60:   0000000000000001 0000000000000002
0x000000000306ea70:   0000000053549884 0000000052c3c5dd
0x000000000306ea80:   000000004be2cd00 0000000000000000
0x000000000306ea90:   000000004be2cd60 0000000000000000
0x000000000306eaa0:   0000000000000000 0000000000000000 

Instructions: (pc=0x0000000052c899c1)
0x0000000052c899a1:   0d 72 fe 8b 00 8b 40 70 8b 14 b1 0f a3 d0 73 2c
0x0000000052c899b1:   44 3b e7 74 27 f6 45 7a 01 48 8b 85 90 00 00 00
0x0000000052c899c1:   48 8b 14 f0 74 10 48 8b 05 82 fe 8b 00 48 3b 14
0x0000000052c899d1:   f0 48 0f 46 14 f0 49 39 14 f6 78 02 ff c3 ff c7 


Register to memory mapping:

RAX=0x10000000005bee28 is an unknown value
RBX=0x0000000000000000 is an unknown value
RCX=0x000000005b96ed80 is an unknown value
RDX=0x000000000133c3c0 is an unknown value
RSP=0x000000000306e9b0 is pointing into the stack for thread: 0x0000000003074000
RBP=0x000000005b96ed80 is an unknown value
RSI=0x0000000000000000 is an unknown value
RDI=0x0000000000000000 is an unknown value
R8 =0x00000000ffffffff is an unallocated location in the heap
R9 =0x0000000000000000 is an unknown value
R10=0x0000000000000000 is an unknown value
R11=0x0000000000000064 is an unknown value
R12=0x00000000ffffffff is an unallocated location in the heap
R13=0x000000001b09ccf0 is an unknown value
R14=0x000000000133c3c0 is an unknown value
R15=0x0000000000000000 is an unknown value


Stack: [0x0000000002f70000,0x0000000003070000],  sp=0x000000000306e9b0,  free space=1018k
Native frames: (J=compiled Java code, j=interpreted, Vv=VM code, C=native code)
C  [nvoglv64.DLL+0xbb99c1]
C  [nvoglv64.DLL+0xbba574]
C  [nvoglv64.DLL+0xbbdaf4]
C  [nvoglv64.DLL+0xb6c5dd]
C  [nvoglv64.DLL+0xb6f37f]
C  [nvoglv64.DLL+0x7dbce3]
C  [nvoglv64.DLL+0x85f707]
C  [nvoglv64.DLL+0x85f6c2]
C  [nvoglv64.DLL+0x85f6c2]
C  [nvoglv64.DLL+0x85f6b0]
C  [nvoglv64.DLL+0x85f6c2]
C  [nvoglv64.DLL+0x85f6b0]
C  [nvoglv64.DLL+0x85f6c2]
C  [nvoglv64.DLL+0x85f6c2]
C  [nvoglv64.DLL+0x85f6b0]
C  [nvoglv64.DLL+0x85f6c2]
C  [nvoglv64.DLL+0x8609e3]
C  [nvoglv64.DLL+0x7f9316]
C  [nvoglv64.DLL+0x8188bb]
C  [nvoglv64.DLL+0xb7932f]
C  [nvoglv64.DLL+0xb0935e]
C  [OPENGL32.dll+0x28cd1]
C  0x0000000003187f54

Java frames: (J=compiled Java code, j=interpreted, Vv=VM code)
j  org.lwjgl.opengl.WindowsContextImplementation.nDestroy(Ljava/nio/ByteBuffer;)V+0
j  org.lwjgl.opengl.WindowsContextImplementation.destroy(Lorg/lwjgl/opengl/PeerInfo;Ljava/nio/ByteBuffer;)V+1
j  org.lwjgl.opengl.ContextGL.checkDestroy()V+29
j  org.lwjgl.opengl.ContextGL.destroy()V+37
j  org.lwjgl.opengl.ContextGL.forceDestroy()V+5
j  org.lwjgl.opengl.DrawableGL.destroy()V+24
j  org.lwjgl.opengl.Display$5.destroy()V+19
j  org.lwjgl.opengl.Display.destroy()V+9
j  bcx.h()V+27
J 15289% C1 bcx.a()V (211 bytes) @ 0x000000000447bfec [0x000000000447aa20+0x15cc]
j  net.minecraft.client.main.Main.main([Ljava/lang/String;)V+1094
v  ~StubRoutines::call_stub

---------------  P R O C E S S  ---------------

Java Threads: ( => current thread )
  0x00000000190ad800 JavaThread "Chunk Batcher 7" daemon [_thread_blocked, id=13632, stack(0x000000003cd10000,0x000000003ce10000)]
  0x00000000190a6000 JavaThread "Chunk Batcher 6" daemon [_thread_blocked, id=9752, stack(0x000000003cc10000,0x000000003cd10000)]
  0x00000000190a4800 JavaThread "Chunk Batcher 5" daemon [_thread_blocked, id=16068, stack(0x000000003cb10000,0x000000003cc10000)]
  0x00000000190a8800 JavaThread "Chunk Batcher 4" daemon [_thread_blocked, id=17980, stack(0x000000003ca10000,0x000000003cb10000)]
  0x00000000190ab800 JavaThread "Netty Server IO #3" daemon [_thread_in_native, id=14744, stack(0x000000003c910000,0x000000003ca10000)]
  0x00000000190a4000 JavaThread "Netty Local Client IO #1" daemon [_thread_blocked, id=6940, stack(0x000000003c810000,0x000000003c910000)]
  0x00000000190a9000 JavaThread "Netty Server IO #2" daemon [_thread_in_native, id=19004, stack(0x000000003c710000,0x000000003c810000)]
  0x00000000190aa000 JavaThread "File IO Thread" [_thread_blocked, id=9188, stack(0x000000003be10000,0x000000003bf10000)]
  0x0000000018135800 JavaThread "Netty Server IO #1" daemon [_thread_in_native, id=19016, stack(0x00000000372c0000,0x00000000373c0000)]
  0x0000000018132000 JavaThread "Netty Local Client IO #0" daemon [_thread_blocked, id=15196, stack(0x00000000371c0000,0x00000000372c0000)]
  0x0000000018130800 JavaThread "Netty Server IO #0" daemon [_thread_in_native, id=18216, stack(0x0000000036ec0000,0x0000000036fc0000)]
  0x000000002b907800 JavaThread "LWJGL Timer" daemon [_thread_blocked, id=13940, stack(0x0000000030010000,0x0000000030110000)]
  0x00000000188f4800 JavaThread "Java2D Disposer" daemon [_thread_blocked, id=308, stack(0x000000001aab0000,0x000000001abb0000)]
  0x0000000018883800 JavaThread "Timer hack thread" daemon [_thread_blocked, id=11584, stack(0x000000001a9b0000,0x000000001aab0000)]
  0x0000000018196000 JavaThread "Snooper Timer" daemon [_thread_blocked, id=4500, stack(0x0000000019db0000,0x0000000019eb0000)]
  0x0000000016eae800 JavaThread "Service Thread" daemon [_thread_blocked, id=2404, stack(0x0000000017ca0000,0x0000000017da0000)]
  0x0000000016e58000 JavaThread "C1 CompilerThread2" daemon [_thread_blocked, id=12252, stack(0x00000000177a0000,0x00000000178a0000)]
  0x0000000016e56800 JavaThread "C2 CompilerThread1" daemon [_thread_blocked, id=2592, stack(0x00000000176a0000,0x00000000177a0000)]
  0x0000000016e55800 JavaThread "C2 CompilerThread0" daemon [_thread_blocked, id=16364, stack(0x00000000175a0000,0x00000000176a0000)]
  0x0000000016e52000 JavaThread "Attach Listener" daemon [_thread_blocked, id=12528, stack(0x00000000174a0000,0x00000000175a0000)]
  0x0000000016e4e800 JavaThread "Signal Dispatcher" daemon [_thread_blocked, id=1148, stack(0x00000000173a0000,0x00000000174a0000)]
  0x0000000016e4b800 JavaThread "Surrogate Locker Thread (Concurrent GC)" daemon [_thread_blocked, id=13968, stack(0x00000000172a0000,0x00000000173a0000)]
  0x0000000016e31800 JavaThread "Finalizer" daemon [_thread_blocked, id=16204, stack(0x00000000170b0000,0x00000000171b0000)]
  0x0000000016e0a800 JavaThread "Reference Handler" daemon [_thread_blocked, id=13808, stack(0x0000000016fb0000,0x00000000170b0000)]
=>0x0000000003074000 JavaThread "Client thread" [_thread_in_native, id=8372, stack(0x0000000002f70000,0x0000000003070000)]

Other Threads:
  0x0000000016e01000 VMThread [stack: 0x0000000016eb0000,0x0000000016fb0000] [id=13524]
  0x00000000178ef000 WatcherThread [stack: 0x0000000017da0000,0x0000000017ea0000] [id=10560]

VM state:not at safepoint (normal execution)

VM Mutex/Monitor currently owned by a thread: None

Heap:
 par new generation   total 118016K, used 51787K [0x00000000c0000000, 0x00000000c8000000, 0x00000000c8000000)
  eden space 104960K,  48% used [0x00000000c0000000, 0x00000000c316ea50, 0x00000000c6680000)
  from space 13056K,   8% used [0x00000000c7340000, 0x00000000c7464220, 0x00000000c8000000)
  to   space 13056K,   0% used [0x00000000c6680000, 0x00000000c6680000, 0x00000000c7340000)
 concurrent mark-sweep generation total 831432K, used 449882K [0x00000000c8000000, 0x00000000fabf2000, 0x0000000100000000)
 Metaspace       used 42499K, capacity 42735K, committed 43304K, reserved 1087488K
  class space    used 4847K, capacity 4926K, committed 4964K, reserved 1048576K

Card table byte_map: [0x0000000012930000,0x0000000012b40000] byte_map_base: 0x0000000012330000

Marking Bits: (CMSBitMap*) 0x00000000030cbb38
 Bits: [0x0000000013150000, 0x0000000013f50000)

Mod Union Table: (CMSBitMap*) 0x00000000030cbbf8
 Bits: [0x0000000001270000, 0x00000000012a8000)

Polling page: 0x0000000001200000

CodeCache: size=245760Kb used=41847Kb max_used=41883Kb free=203912Kb
 bounds [0x0000000003170000, 0x0000000005ab0000, 0x0000000012170000]
 total_blobs=10244 nmethods=9348 adapters=802
 compilation: enabled

Compilation events (10 events):
Event: 1569.892 Thread 0x0000000016e56800 nmethod 15298 0x000000000579f710 code [0x000000000579f8c0, 0x00000000057a0398]
Event: 1569.896 Thread 0x0000000016e56800 15300       4       lx::b (81 bytes)
Event: 1569.920 Thread 0x0000000016e55800 nmethod 15299 0x0000000005a93c50 code [0x0000000005a93ec0, 0x0000000005a958c8]
Event: 1569.923 Thread 0x0000000016e56800 nmethod 15300 0x000000000579cf50 code [0x000000000579d1c0, 0x000000000579e3d0]
Event: 1569.959 Thread 0x0000000016e58000 15301       3       sun.nio.cs.MS1252::newEncoder (15 bytes)
Event: 1569.959 Thread 0x0000000016e58000 nmethod 15301 0x000000000467cc50 code [0x000000000467ce00, 0x000000000467d1a8]
Event: 1569.960 Thread 0x0000000016e58000 15302       3       sun.nio.cs.SingleByte$Encoder::<init> (24 bytes)
Event: 1569.961 Thread 0x0000000016e58000 nmethod 15302 0x000000000372b990 code [0x000000000372bb20, 0x000000000372be08]
Event: 1569.978 Thread 0x0000000016e55800 15303       4       java.util.HashMap$TreeNode::putTreeVal (314 bytes)
Event: 1570.143 Thread 0x0000000016e55800 nmethod 15303 0x0000000005a98750 code [0x0000000005a98c40, 0x0000000005a9d448]

GC Heap History (10 events):
Event: 1276.604 GC heap before
{Heap before GC invocations=747 (full 47):
 par new generation   total 118016K, used 108745K [0x00000000c0000000, 0x00000000c8000000, 0x00000000c8000000)
  eden space 104960K, 100% used [0x00000000c0000000, 0x00000000c6680000, 0x00000000c6680000)
  from space 13056K,  28% used [0x00000000c6680000, 0x00000000c6a32480, 0x00000000c7340000)
  to   space 13056K,   0% used [0x00000000c7340000, 0x00000000c7340000, 0x00000000c8000000)
 concurrent mark-sweep generation total 831432K, used 446928K [0x00000000c8000000, 0x00000000fabf2000, 0x0000000100000000)
 Metaspace       used 42482K, capacity 42735K, committed 43304K, reserved 1087488K
  class space    used 4847K, capacity 4926K, committed 4964K, reserved 1048576K
Event: 1276.608 GC heap after
Heap after GC invocations=748 (full 47):
 par new generation   total 118016K, used 4388K [0x00000000c0000000, 0x00000000c8000000, 0x00000000c8000000)
  eden space 104960K,   0% used [0x00000000c0000000, 0x00000000c0000000, 0x00000000c6680000)
  from space 13056K,  33% used [0x00000000c7340000, 0x00000000c77892d0, 0x00000000c8000000)
  to   space 13056K,   0% used [0x00000000c6680000, 0x00000000c6680000, 0x00000000c7340000)
 concurrent mark-sweep generation total 831432K, used 447110K [0x00000000c8000000, 0x00000000fabf2000, 0x0000000100000000)
 Metaspace       used 42482K, capacity 42735K, committed 43304K, reserved 1087488K
  class space    used 4847K, capacity 4926K, committed 4964K, reserved 1048576K
}
Event: 1341.175 GC heap before
{Heap before GC invocations=748 (full 47):
 par new generation   total 118016K, used 109348K [0x00000000c0000000, 0x00000000c8000000, 0x00000000c8000000)
  eden space 104960K, 100% used [0x00000000c0000000, 0x00000000c6680000, 0x00000000c6680000)
  from space 13056K,  33% used [0x00000000c7340000, 0x00000000c77892d0, 0x00000000c8000000)
  to   space 13056K,   0% used [0x00000000c6680000, 0x00000000c6680000, 0x00000000c7340000)
 concurrent mark-sweep generation total 831432K, used 447110K [0x00000000c8000000, 0x00000000fabf2000, 0x0000000100000000)
 Metaspace       used 42485K, capacity 42735K, committed 43304K, reserved 1087488K
  class space    used 4847K, capacity 4926K, committed 4964K, reserved 1048576K
Event: 1341.179 GC heap after
Heap after GC invocations=749 (full 47):
 par new generation   total 118016K, used 3042K [0x00000000c0000000, 0x00000000c8000000, 0x00000000c8000000)
  eden space 104960K,   0% used [0x00000000c0000000, 0x00000000c0000000, 0x00000000c6680000)
  from space 13056K,  23% used [0x00000000c6680000, 0x00000000c6978bb8, 0x00000000c7340000)
  to   space 13056K,   0% used [0x00000000c7340000, 0x00000000c7340000, 0x00000000c8000000)
 concurrent mark-sweep generation total 831432K, used 448565K [0x00000000c8000000, 0x00000000fabf2000, 0x0000000100000000)
 Metaspace       used 42485K, capacity 42735K, committed 43304K, reserved 1087488K
  class space    used 4847K, capacity 4926K, committed 4964K, reserved 1048576K
}
Event: 1406.935 GC heap before
{Heap before GC invocations=749 (full 47):
 par new generation   total 118016K, used 108002K [0x00000000c0000000, 0x00000000c8000000, 0x00000000c8000000)
  eden space 104960K, 100% used [0x00000000c0000000, 0x00000000c6680000, 0x00000000c6680000)
  from space 13056K,  23% used [0x00000000c6680000, 0x00000000c6978bb8, 0x00000000c7340000)
  to   space 13056K,   0% used [0x00000000c7340000, 0x00000000c7340000, 0x00000000c8000000)
 concurrent mark-sweep generation total 831432K, used 448565K [0x00000000c8000000, 0x00000000fabf2000, 0x0000000100000000)
 Metaspace       used 42495K, capacity 42735K, committed 43304K, reserved 1087488K
  class space    used 4847K, capacity 4926K, committed 4964K, reserved 1048576K
Event: 1406.941 GC heap after
Heap after GC invocations=750 (full 47):
 par new generation   total 118016K, used 2314K [0x00000000c0000000, 0x00000000c8000000, 0x00000000c8000000)
  eden space 104960K,   0% used [0x00000000c0000000, 0x00000000c0000000, 0x00000000c6680000)
  from space 13056K,  17% used [0x00000000c7340000, 0x00000000c7582a18, 0x00000000c8000000)
  to   space 13056K,   0% used [0x00000000c6680000, 0x00000000c6680000, 0x00000000c7340000)
 concurrent mark-sweep generation total 831432K, used 449103K [0x00000000c8000000, 0x00000000fabf2000, 0x0000000100000000)
 Metaspace       used 42495K, capacity 42735K, committed 43304K, reserved 1087488K
  class space    used 4847K, capacity 4926K, committed 4964K, reserved 1048576K
}
Event: 1472.312 GC heap before
{Heap before GC invocations=750 (full 47):
 par new generation   total 118016K, used 107274K [0x00000000c0000000, 0x00000000c8000000, 0x00000000c8000000)
  eden space 104960K, 100% used [0x00000000c0000000, 0x00000000c6680000, 0x00000000c6680000)
  from space 13056K,  17% used [0x00000000c7340000, 0x00000000c7582a18, 0x00000000c8000000)
  to   space 13056K,   0% used [0x00000000c6680000, 0x00000000c6680000, 0x00000000c7340000)
 concurrent mark-sweep generation total 831432K, used 449103K [0x00000000c8000000, 0x00000000fabf2000, 0x0000000100000000)
 Metaspace       used 42495K, capacity 42735K, committed 43304K, reserved 1087488K
  class space    used 4847K, capacity 4926K, committed 4964K, reserved 1048576K
Event: 1472.317 GC heap after
Heap after GC invocations=751 (full 47):
 par new generation   total 118016K, used 1816K [0x00000000c0000000, 0x00000000c8000000, 0x00000000c8000000)
  eden space 104960K,   0% used [0x00000000c0000000, 0x00000000c0000000, 0x00000000c6680000)
  from space 13056K,  13% used [0x00000000c6680000, 0x00000000c6846080, 0x00000000c7340000)
  to   space 13056K,   0% used [0x00000000c7340000, 0x00000000c7340000, 0x00000000c8000000)
 concurrent mark-sweep generation total 831432K, used 449543K [0x00000000c8000000, 0x00000000fabf2000, 0x0000000100000000)
 Metaspace       used 42495K, capacity 42735K, committed 43304K, reserved 1087488K
  class space    used 4847K, capacity 4926K, committed 4964K, reserved 1048576K
}
Event: 1537.592 GC heap before
{Heap before GC invocations=751 (full 47):
 par new generation   total 118016K, used 106776K [0x00000000c0000000, 0x00000000c8000000, 0x00000000c8000000)
  eden space 104960K, 100% used [0x00000000c0000000, 0x00000000c6680000, 0x00000000c6680000)
  from space 13056K,  13% used [0x00000000c6680000, 0x00000000c6846080, 0x00000000c7340000)
  to   space 13056K,   0% used [0x00000000c7340000, 0x00000000c7340000, 0x00000000c8000000)
 concurrent mark-sweep generation total 831432K, used 449543K [0x00000000c8000000, 0x00000000fabf2000, 0x0000000100000000)
 Metaspace       used 42495K, capacity 42735K, committed 43304K, reserved 1087488K
  class space    used 4847K, capacity 4926K, committed 4964K, reserved 1048576K
Event: 1537.595 GC heap after
Heap after GC invocations=752 (full 47):
 par new generation   total 118016K, used 1168K [0x00000000c0000000, 0x00000000c8000000, 0x00000000c8000000)
  eden space 104960K,   0% used [0x00000000c0000000, 0x00000000c0000000, 0x00000000c6680000)
  from space 13056K,   8% used [0x00000000c7340000, 0x00000000c7464220, 0x00000000c8000000)
  to   space 13056K,   0% used [0x00000000c6680000, 0x00000000c6680000, 0x00000000c7340000)
 concurrent mark-sweep generation total 831432K, used 449882K [0x00000000c8000000, 0x00000000fabf2000, 0x0000000100000000)
 Metaspace       used 42495K, capacity 42735K, committed 43304K, reserved 1087488K
  class space    used 4847K, capacity 4926K, committed 4964K, reserved 1048576K
}

Deoptimization events (10 events):
Event: 1253.419 Thread 0x00000000190a7800 Uncommon trap: reason=unstable_if action=reinterpret pc=0x00000000042add98 method=aqv.E_()V @ 70
Event: 1253.419 Thread 0x00000000190a7800 Uncommon trap: reason=unstable_if action=reinterpret pc=0x00000000044ed858 method=asv.a(Lcm;Lasv$a;)Laqk; @ 66
Event: 1253.419 Thread 0x00000000190a7800 Uncommon trap: reason=unstable_if action=reinterpret pc=0x00000000048f698c method=aid.a(Lcm;Laqk;)V @ 24
Event: 1253.419 Thread 0x00000000190a7800 Uncommon trap: reason=unstable_if action=reinterpret pc=0x00000000057f9a5c method=aid.k()V @ 812
Event: 1253.474 Thread 0x0000000003074000 Uncommon trap: reason=unstable_if action=reinterpret pc=0x0000000005a503cc method=asv.a(Lcm;Lars;)Lars; @ 237
Event: 1569.806 Thread 0x0000000003074000 Uncommon trap: reason=unstable_if action=reinterpret pc=0x0000000004f33c1c method=bcx.av()V @ 23
Event: 1569.909 Thread 0x0000000003074000 Uncommon trap: reason=array_check action=maybe_recompile pc=0x000000000556eaf4 method=java.util.Arrays.fill([Ljava/lang/Object;Ljava/lang/Object;)V @ 13
Event: 1569.909 Thread 0x0000000003074000 Uncommon trap: reason=array_check action=maybe_recompile pc=0x000000000556eaf4 method=java.util.Arrays.fill([Ljava/lang/Object;Ljava/lang/Object;)V @ 13
Event: 1569.959 Thread 0x00000000190a9000 Uncommon trap: reason=class_check action=maybe_recompile pc=0x000000000492d254 method=java.util.concurrent.ConcurrentHashMap.replaceNode(Ljava/lang/Object;Ljava/lang/Object;Ljava/lang/Object;)Ljava/lang/Object; @ 1
Event: 1570.532 Thread 0x00000000190a9000 Uncommon trap: reason=class_check action=maybe_recompile pc=0x0000000004d9d9c4 method=io.netty.util.internal.MpscLinkedQueueTailRef.getAndSetTailRef(Lio/netty/util/internal/MpscLinkedQueueNode;)Lio/netty/util/internal/MpscLinkedQueueNode; @ 8

Internal exceptions (10 events):
Event: 1569.560 Thread 0x0000000017bc7800 Exception <a 'java/lang/InterruptedException': sleep interrupted> (0x00000000c2db7b70) thrown at [C:\re\workspace\8-2-build-windows-amd64-cygwin\jdk8u91\7017\hotspot\src\share\vm\prims\jvm.cpp, line 3215]
Event: 1569.577 Thread 0x0000000017bc7800 Exception <a 'java/lang/InterruptedException': sleep interrupted> (0x00000000c2db7dc8) thrown at [C:\re\workspace\8-2-build-windows-amd64-cygwin\jdk8u91\7017\hotspot\src\share\vm\prims\jvm.cpp, line 3215]
Event: 1569.593 Thread 0x0000000017bc7800 Exception <a 'java/lang/InterruptedException': sleep interrupted> (0x00000000c2db8020) thrown at [C:\re\workspace\8-2-build-windows-amd64-cygwin\jdk8u91\7017\hotspot\src\share\vm\prims\jvm.cpp, line 3215]
Event: 1569.610 Thread 0x0000000017bc7800 Exception <a 'java/lang/InterruptedException': sleep interrupted> (0x00000000c2db8278) thrown at [C:\re\workspace\8-2-build-windows-amd64-cygwin\jdk8u91\7017\hotspot\src\share\vm\prims\jvm.cpp, line 3215]
Event: 1569.643 Thread 0x0000000017bc7800 Exception <a 'java/lang/InterruptedException': sleep interrupted> (0x00000000c2db84d0) thrown at [C:\re\workspace\8-2-build-windows-amd64-cygwin\jdk8u91\7017\hotspot\src\share\vm\prims\jvm.cpp, line 3215]
Event: 1569.660 Thread 0x0000000017bc7800 Exception <a 'java/lang/InterruptedException': sleep interrupted> (0x00000000c2db8728) thrown at [C:\re\workspace\8-2-build-windows-amd64-cygwin\jdk8u91\7017\hotspot\src\share\vm\prims\jvm.cpp, line 3215]
Event: 1569.693 Thread 0x0000000017bc7800 Exception <a 'java/lang/InterruptedException': sleep interrupted> (0x00000000c2db8980) thrown at [C:\re\workspace\8-2-build-windows-amd64-cygwin\jdk8u91\7017\hotspot\src\share\vm\prims\jvm.cpp, line 3215]
Event: 1569.807 Thread 0x0000000017bc7800 Exception <a 'java/lang/InterruptedException': sleep interrupted> (0x00000000c2db8bd8) thrown at [C:\re\workspace\8-2-build-windows-amd64-cygwin\jdk8u91\7017\hotspot\src\share\vm\prims\jvm.cpp, line 3215]
Event: 1569.910 Thread 0x0000000017bc7800 Exception <a 'java/lang/InterruptedException': sleep interrupted> (0x00000000c2db8e30) thrown at [C:\re\workspace\8-2-build-windows-amd64-cygwin\jdk8u91\7017\hotspot\src\share\vm\prims\jvm.cpp, line 3215]
Event: 1570.009 Thread 0x00000000190ce000 Exception <a 'java/lang/InterruptedException': sleep interrupted> (0x00000000c31676b8) thrown at [C:\re\workspace\8-2-build-windows-amd64-cygwin\jdk8u91\7017\hotspot\src\share\vm\prims\jvm.cpp, line 3215]

Events (10 events):
Event: 1569.960 Thread 0x0000000016e58000 flushing nmethod 0x0000000003da5e50
Event: 1569.979 Thread 0x00000000190a7800 Thread exited: 0x00000000190a7800
Event: 1569.979 Thread 0x00000000190a5800 Thread exited: 0x00000000190a5800
Event: 1570.010 Thread 0x00000000190ce000 Thread exited: 0x00000000190ce000
Event: 1570.110 Executing VM operation: RevokeBias
Event: 1570.111 Executing VM operation: RevokeBias done
Event: 1570.144 Thread 0x0000000016e55800 flushing nmethod 0x0000000004147710
Event: 1570.532 Thread 0x00000000190a9000 Uncommon trap: trap_request=0xffffffde fr.pc=0x0000000004d9d9c4
Event: 1570.532 Thread 0x00000000190a9000 DEOPT PACKING pc=0x0000000004d9d9c4 sp=0x000000003c80ed20
Event: 1570.532 Thread 0x00000000190a9000 DEOPT UNPACKING pc=0x00000000031b582a sp=0x000000003c80ebd8 mode 2


Dynamic libraries:
0x00007ff6ca8c0000 - 0x00007ff6ca8f7000 	C:\Program Files\Java\jre1.8.0_91\bin\javaw.exe
0x00007ffe0c580000 - 0x00007ffe0c751000 	C:\WINDOWS\SYSTEM32\ntdll.dll
0x00007ffe0a960000 - 0x00007ffe0aa0b000 	C:\WINDOWS\System32\KERNEL32.DLL
0x00007ffe098d0000 - 0x00007ffe09aed000 	C:\WINDOWS\System32\KERNELBASE.dll
0x00007ffe0c370000 - 0x00007ffe0c412000 	C:\WINDOWS\System32\ADVAPI32.dll
0x00007ffe0a4c0000 - 0x00007ffe0a55e000 	C:\WINDOWS\System32\msvcrt.dll
0x00007ffe0a760000 - 0x00007ffe0a7b9000 	C:\WINDOWS\System32\sechost.dll
0x00007ffe0a560000 - 0x00007ffe0a681000 	C:\WINDOWS\System32\RPCRT4.dll
0x00007ffe0c130000 - 0x00007ffe0c295000 	C:\WINDOWS\System32\USER32.dll
0x00007ffe09800000 - 0x00007ffe0981e000 	C:\WINDOWS\System32\win32u.dll
0x00007ffe09b90000 - 0x00007ffe09bc4000 	C:\WINDOWS\System32\GDI32.dll
0x00007ffe08af0000 - 0x00007ffe08c72000 	C:\WINDOWS\System32\gdi32full.dll
0x00007ffe01910000 - 0x00007ffe01b89000 	C:\WINDOWS\WinSxS\amd64_microsoft.windows.common-controls_6595b64144ccf1df_6.0.14393.0_none_2d0f50fcbdb171b8\COMCTL32.dll
0x00007ffe09dc0000 - 0x00007ffe0a087000 	C:\WINDOWS\System32\combase.dll
0x00007ffe08c80000 - 0x00007ffe08d75000 	C:\WINDOWS\System32\ucrtbase.dll
0x00007ffe09560000 - 0x00007ffe095ca000 	C:\WINDOWS\System32\bcryptPrimitives.dll
0x00007ffe0c100000 - 0x00007ffe0c12e000 	C:\WINDOWS\System32\IMM32.DLL
0x0000000054160000 - 0x0000000054232000 	C:\Program Files\Java\jre1.8.0_91\bin\msvcr100.dll
0x00000000538c0000 - 0x0000000054153000 	C:\Program Files\Java\jre1.8.0_91\bin\server\jvm.dll
0x00007ffe0c0f0000 - 0x00007ffe0c0f8000 	C:\WINDOWS\System32\PSAPI.DLL
0x00007ffe06c30000 - 0x00007ffe06c53000 	C:\WINDOWS\SYSTEM32\WINMM.dll
0x00007ffdfe550000 - 0x00007ffdfe559000 	C:\WINDOWS\SYSTEM32\WSOCK32.dll
0x00007ffe02be0000 - 0x00007ffe02bea000 	C:\WINDOWS\SYSTEM32\VERSION.dll
0x00007ffe09d50000 - 0x00007ffe09dba000 	C:\WINDOWS\System32\WS2_32.dll
0x00007ffe06bd0000 - 0x00007ffe06bfb000 	C:\WINDOWS\SYSTEM32\WINMMBASE.dll
0x00007ffe08d80000 - 0x00007ffe08dc2000 	C:\WINDOWS\System32\cfgmgr32.dll
0x00000000543a0000 - 0x00000000543af000 	C:\Program Files\Java\jre1.8.0_91\bin\verify.dll
0x0000000054370000 - 0x0000000054399000 	C:\Program Files\Java\jre1.8.0_91\bin\java.dll
0x0000000054350000 - 0x0000000054366000 	C:\Program Files\Java\jre1.8.0_91\bin\zip.dll
0x00007ffe0abe0000 - 0x00007ffe0c0e8000 	C:\WINDOWS\System32\SHELL32.dll
0x00007ffe08dd0000 - 0x00007ffe094aa000 	C:\WINDOWS\System32\windows.storage.dll
0x00007ffe08a90000 - 0x00007ffe08adc000 	C:\WINDOWS\System32\powrprof.dll
0x00007ffe0c300000 - 0x00007ffe0c352000 	C:\WINDOWS\System32\shlwapi.dll
0x00007ffe08a80000 - 0x00007ffe08a8f000 	C:\WINDOWS\System32\kernel.appcore.dll
0x00007ffe094b0000 - 0x00007ffe09559000 	C:\WINDOWS\System32\shcore.dll
0x00007ffe08a60000 - 0x00007ffe08a74000 	C:\WINDOWS\System32\profapi.dll
0x0000000054320000 - 0x000000005432d000 	C:\Program Files\Java\jre1.8.0_91\bin\management.dll
0x0000000054330000 - 0x000000005434a000 	C:\Program Files\Java\jre1.8.0_91\bin\net.dll
0x00007ffe08030000 - 0x00007ffe0808c000 	C:\WINDOWS\system32\mswsock.dll
0x0000000054300000 - 0x0000000054311000 	C:\Program Files\Java\jre1.8.0_91\bin\nio.dll
0x00007ffdffce0000 - 0x00007ffdffcf6000 	C:\WINDOWS\system32\napinsp.dll
0x00007ffdffd00000 - 0x00007ffdffd1a000 	C:\WINDOWS\system32\pnrpnsp.dll
0x00007ffe06330000 - 0x00007ffe06348000 	C:\WINDOWS\system32\NLAapi.dll
0x00007ffe07e00000 - 0x00007ffe07ea0000 	C:\WINDOWS\SYSTEM32\DNSAPI.dll
0x00007ffe0ab10000 - 0x00007ffe0ab18000 	C:\WINDOWS\System32\NSI.dll
0x00007ffe07dc0000 - 0x00007ffe07df8000 	C:\WINDOWS\SYSTEM32\IPHLPAPI.DLL
0x00007ffdffdc0000 - 0x00007ffdffdce000 	C:\WINDOWS\System32\winrnr.dll
0x00007ffe000f0000 - 0x00007ffe000fa000 	C:\Windows\System32\rasadhlp.dll
0x00007ffe04210000 - 0x00007ffe0427a000 	C:\WINDOWS\System32\fwpuclnt.dll
0x00007ffe089a0000 - 0x00007ffe089cb000 	C:\WINDOWS\SYSTEM32\bcrypt.dll
0x0000000180000000 - 0x0000000180053000 	C:\Users\anh.letuan2\AppData\Roaming\.minecraft\versions\1.10.2\1.10.2-natives-1471983288726555\lwjgl64.dll
0x00007ffdea730000 - 0x00007ffdea853000 	C:\WINDOWS\SYSTEM32\OPENGL32.dll
0x00007ffde4f00000 - 0x00007ffde4ff7000 	C:\WINDOWS\SYSTEM32\DDRAW.dll
0x00007ffdfae50000 - 0x00007ffdfae7d000 	C:\WINDOWS\SYSTEM32\GLU32.dll
0x00007ffe05840000 - 0x00007ffe05848000 	C:\WINDOWS\SYSTEM32\DCIMAN32.dll
0x00007ffe08450000 - 0x00007ffe08467000 	C:\WINDOWS\SYSTEM32\CRYPTSP.dll
0x00007ffe07c50000 - 0x00007ffe07c83000 	C:\WINDOWS\system32\rsaenh.dll
0x00007ffe07eb0000 - 0x00007ffe07ecf000 	C:\WINDOWS\SYSTEM32\USERENV.dll
0x00007ffe08990000 - 0x00007ffe0899b000 	C:\WINDOWS\SYSTEM32\CRYPTBASE.dll
0x00007ffe04060000 - 0x00007ffe04076000 	C:\WINDOWS\SYSTEM32\dhcpcsvc6.DLL
0x00007ffe03fb0000 - 0x00007ffe03fca000 	C:\WINDOWS\SYSTEM32\dhcpcsvc.DLL
0x0000000053720000 - 0x00000000538b8000 	C:\Program Files\Java\jre1.8.0_91\bin\awt.dll
0x00007ffe0ab20000 - 0x00007ffe0abdc000 	C:\WINDOWS\System32\OLEAUT32.dll
0x00007ffe06d20000 - 0x00007ffe06d9a000 	C:\WINDOWS\SYSTEM32\apphelp.dll
0x00007ffe06f20000 - 0x00007ffe06fb5000 	C:\WINDOWS\system32\uxtheme.dll
0x00007ffe09bd0000 - 0x00007ffe09d2b000 	C:\WINDOWS\System32\MSCTF.dll
0x00007ffe062f0000 - 0x00007ffe06316000 	C:\WINDOWS\system32\dwmapi.dll
0x00000000520d0000 - 0x000000005364e000 	C:\WINDOWS\SYSTEM32\nvoglv64.DLL
0x00007ffe0a090000 - 0x00007ffe0a4b9000 	C:\WINDOWS\System32\SETUPAPI.dll
0x00007ffe06230000 - 0x00007ffe06243000 	C:\WINDOWS\SYSTEM32\WTSAPI32.dll
0x00007ffe07b20000 - 0x00007ffe07b52000 	C:\WINDOWS\SYSTEM32\ntmarta.dll
0x00007ffe08930000 - 0x00007ffe08986000 	C:\WINDOWS\SYSTEM32\WINSTA.dll
0x00007ffe05a40000 - 0x00007ffe05ad1000 	C:\WINDOWS\SYSTEM32\mscms.dll
0x00007ffdf9600000 - 0x00007ffdf9642000 	C:\WINDOWS\SYSTEM32\icm32.dll
0x00000000017f0000 - 0x0000000001828000 	C:\Users\anh.letuan2\AppData\Local\Temp\jna\jna7612955729051083871.dll
0x000000001d120000 - 0x000000001d184000 	C:\Users\anh.letuan2\AppData\Roaming\.minecraft\versions\1.10.2\1.10.2-natives-1471983288726555\OpenAL64.dll
0x00007ffe0c440000 - 0x00007ffe0c577000 	C:\WINDOWS\System32\ole32.dll
0x00007ffe09af0000 - 0x00007ffe09b8f000 	C:\WINDOWS\System32\clbcatq.dll
0x00007ffdffdd0000 - 0x00007ffdffe41000 	C:\WINDOWS\System32\MMDevApi.dll
0x00007ffe05570000 - 0x00007ffe056f5000 	C:\WINDOWS\System32\PROPSYS.dll
0x00007ffe07310000 - 0x00007ffe07338000 	C:\WINDOWS\System32\DEVOBJ.dll
0x00007ffdf1d30000 - 0x00007ffdf1dcb000 	C:\WINDOWS\SYSTEM32\dsound.dll
0x00007ffdf4870000 - 0x00007ffdf4904000 	C:\WINDOWS\SYSTEM32\AUDIOSES.DLL
0x00007ffe043c0000 - 0x00007ffe044f6000 	C:\WINDOWS\SYSTEM32\wintypes.dll
0x0000000053650000 - 0x0000000053674000 	C:\Program Files\Java\jre1.8.0_91\bin\sunec.dll
0x00007ffe084a0000 - 0x00007ffe08632000 	C:\WINDOWS\SYSTEM32\dbghelp.dll

VM Arguments:
jvm_args: -XX:HeapDumpPath=MojangTricksIntelDriversForPerformance_javaw.exe_minecraft.exe.heapdump -Xmx1G -XX:+UseConcMarkSweepGC -XX:+CMSIncrementalMode -XX:-UseAdaptiveSizePolicy -Xmn128M -Djava.library.path=C:\Users\anh.letuan2\AppData\Roaming\.minecraft\versions\1.10.2\1.10.2-natives-1471983288726555 
java_command: net.minecraft.client.main.Main --username TunaLee --version 1.10.2 --gameDir C:\Users\anh.letuan2\AppData\Roaming\.minecraft --assetsDir C:\Users\anh.letuan2\AppData\Roaming\.minecraft\assets --assetIndex 1.10 --uuid abc3966110a331158a84df326dec93de --accessToken   --userType TunaLee --versionType release
java_class_path (initial): C:\Users\anh.letuan2\AppData\Roaming\.minecraft\libraries\com\mojang\netty\1.6\netty-1.6.jar;C:\Users\anh.letuan2\AppData\Roaming\.minecraft\libraries\oshi-project\oshi-core\1.1\oshi-core-1.1.jar;C:\Users\anh.letuan2\AppData\Roaming\.minecraft\libraries\net\java\dev\jna\jna\3.4.0\jna-3.4.0.jar;C:\Users\anh.letuan2\AppData\Roaming\.minecraft\libraries\net\java\dev\jna\platform\3.4.0\platform-3.4.0.jar;C:\Users\anh.letuan2\AppData\Roaming\.minecraft\libraries\com\ibm\icu\icu4j-core-mojang\51.2\icu4j-core-mojang-51.2.jar;C:\Users\anh.letuan2\AppData\Roaming\.minecraft\libraries\net\sf\jopt-simple\jopt-simple\4.6\jopt-simple-4.6.jar;C:\Users\anh.letuan2\AppData\Roaming\.minecraft\libraries\com\paulscode\codecjorbis\20101023\codecjorbis-20101023.jar;C:\Users\anh.letuan2\AppData\Roaming\.minecraft\libraries\com\paulscode\codecwav\20101023\codecwav-20101023.jar;C:\Users\anh.letuan2\AppData\Roaming\.minecraft\libraries\com\paulscode\libraryjavasound\20101123\libraryjavasound-20101123.jar;C:\Users\anh.letuan2\AppData\Roaming\.minecraft\libraries\com\paulscode\librarylwjglopenal\20100824\librarylwjglopenal-20100824.jar;C:\Users\anh.letuan2\AppData\Roaming\.minecraft\libraries\com\paulscode\soundsystem\20120107\soundsystem-20120107.jar;C:\Users\anh.letuan2\AppData\Roaming\.minecraft\libraries\io\netty\netty-all\4.0.23.Final\netty-all-4.0.23.Final.jar;C:\Users\anh.letuan2\AppData\Roaming\.minecraft\libraries\com\google\guava\guava\17.0\guava-17.0.jar;C:\Users\anh.letuan2\AppData\Roaming\.minecraft\libraries\org\apache\commons\commons-lang3\3.3.2\commons-lang3-3.3.2.jar;C:\Users\anh.letuan2\AppData\Roaming\.minecraft\libraries\commons-io\commons-io\2.4\commons-io-2.4.jar;C:\Users\anh.letuan2\AppData\Roaming\.minecraft\libraries\commons-codec\commons-codec\1.9\commons-codec-1.9.jar;C:\Users\anh.letuan2\AppData\Roaming\.minecraft\libraries\net\java\jinput\jinput\2.0.5\jinput-2.0.5.jar;C:\Users\anh.letuan2\AppData\Roaming\.minecraft\libraries\net\java\j
Launcher Type: SUN_STANDARD

Environment Variables:
JAVA_HOME=C:\DevTools\jdk1.8.0_91
PATH=C:\ProgramData\Oracle\Java\javapath;C:\Users\anh.letuan2;C:\Program Files (x86)\Common Files\Microsoft Shared\Windows Live;C:\Program Files (x86)\NVIDIA Corporation\PhysX\Common;C:\WINDOWS\System32;C:\WINDOWS;C:\WINDOWS\System32\Wbem;C:\WINDOWS\System32\WindowsPowerShell\v1.0\;C:\Program Files (x86)\Common Files\Acronis\SnapAPI\;C:\Program Files (x86)\Skype\Phone\;C:\Program Files\Microsoft SQL Server\110\Tools\Binn\;C:\DevTools\apache-ant-1.8.0\bin;C:\DevTools\android-ndk-r9d;C:\DevTools\android-sdk-windows\platform-tools;C:\DevTools\jdk1.8.0_77\bin;C:\DevTools\android-sdk-windows\tools;C:\DevTools\cygwin;C:\DevTools\cygwin\bin;C:\DevTools\Python27;C:\Program Files (x86)\Lua\5.1;C:\Program Files (x86)\Lua\5.1\clibs;D:\Gameloft_projects\A8\tools\cecho;C:\Windows\System32;C:\DevTools\jre1.8.0_91\bin;C:\Program Files\TortoiseSVN\bin;C:\Program Files (x86)\GtkSharp\2.12\bin;C:\Program Files (x86)\Windows Kits\8.1\Windows Performance Toolkit\;C:\Program Files (x86)\Microsoft Emulator Manager\1.0\;C:\Program Files\Git\cmd;C:\Program Files\nodejs\;C:\WINDOWS\system32;D:\My_Tools\cocos2d-x-3.12\templates;D:\My_Tools\cocos2d-x-3.12\tools\cocos2d-console\bin;D:\My_Tools;My_Tools\cocos2d-x-3.10\tools\cocos2d-console\bin;cocos2d-x-3.10\templates;C:\DevTools\jdk1.7.0\jre\bin;C:\Users\anh.letuan2\AppData\Local\atom\bin;C:\Program Files (x86)\Microsoft VS Code\bin;C:\Users\anh.letuan2\AppData\Roaming\npm;C:\Users\anh.letuan2\AppData\Local\Microsoft\WindowsApps;C:\Program Files\CMake\bin;C:\Program Files\Java\jre1.8.0_91\bin
USERNAME=anh.letuan2
OS=Windows_NT
PROCESSOR_IDENTIFIER=Intel64 Family 6 Model 42 Stepping 7, GenuineIntel



---------------  S Y S T E M  ---------------

OS: Windows 10.0 , 64 bit Build 14393 (10.0.14393.0)

CPU:total 4 (4 cores per cpu, 1 threads per core) family 6 model 42 stepping 7, cmov, cx8, fxsr, mmx, sse, sse2, sse3, ssse3, sse4.1, sse4.2, popcnt, avx, aes, clmul, tsc, tscinvbit

Memory: 4k page, physical 8369412k(1075120k free), swap 16758020k(5478820k free)

vm_info: Java HotSpot(TM) 64-Bit Server VM (25.91-b15) for windows-amd64 JRE (1.8.0_91-b15), built on May 20 2016 17:43:15 by "java_re" with MS VC++ 10.0 (VS2010)

time: Sat Sep 17 12:45:41 2016
elapsed time: 1571 seconds (0d 0h 26m 11s)

