[17:52:56] [Client thread/INFO]: Setting user: TuanAnh
[17:52:57] [Client thread/INFO]: LWJGL Version: 2.9.4
[17:53:00] [Client thread/INFO]: Reloading ResourceManager: Default, Soartex_Fanver.zip
[17:53:00] [Sound Library Loader/INFO]: Starting up SoundSystem...
[17:53:00] [Thread-5/INFO]: Initializing LWJGL OpenAL
[17:53:00] [Thread-5/INFO]: (The LWJGL binding of OpenAL.  For more information, see http://www.lwjgl.org)
[17:53:01] [Thread-5/INFO]: OpenAL initialized.
[17:53:01] [Sound Library Loader/INFO]: Sound engine started
[17:53:03] [Client thread/INFO]: Created: 4096x2048 textures-atlas
[17:53:06] [Realms Notification Availability checker #1/INFO]: Could not authorize you against Realms server: Invalid session id
[17:53:09] [Server thread/INFO]: Starting integrated minecraft server version 1.11.2
[17:53:09] [Server thread/INFO]: Generating keypair
[17:53:09] [Server thread/INFO]: Preparing start region for level 0
[17:53:10] [Server thread/INFO]: Preparing spawn area: 32%
[17:53:11] [Server thread/INFO]: Changing view distance to 25, from 10
[17:53:11] [Server thread/INFO]: TuanAnh[local:E:7cc5feab] logged in with entity id 339 at (-350.9377849465759, 65.0, 1209.3757784742013)
[17:53:11] [Server thread/INFO]: TuanAnh joined the game
[17:53:15] [Server thread/WARN]: Can't keep up! Did the system time change, or is the server overloaded? Running 4134ms behind, skipping 82 tick(s)
[17:53:16] [Server thread/INFO]: Saving and pausing game...
[17:53:16] [Server thread/INFO]: Saving chunks for level 'ta-1'/Overworld
[17:53:16] [Server thread/INFO]: Saving chunks for level 'ta-1'/Nether
[17:53:16] [Server thread/INFO]: Saving chunks for level 'ta-1'/The End
[17:55:11] [Server thread/INFO]: Saving and pausing game...
[17:55:11] [Server thread/INFO]: Saving chunks for level 'ta-1'/Overworld
[17:55:11] [Server thread/INFO]: Saving chunks for level 'ta-1'/Nether
[17:55:11] [Server thread/INFO]: Saving chunks for level 'ta-1'/The End
[17:58:06] [Server thread/INFO]: TuanAnh has just earned the achievement [Benchmarking]
[17:58:06] [Client thread/INFO]: [CHAT] TuanAnh has just earned the achievement [Benchmarking]
[18:31:50] [Server thread/INFO]: Saving and pausing game...
[18:31:50] [Server thread/INFO]: Saving chunks for level 'ta-1'/Overworld
[18:31:50] [Server thread/INFO]: Saving chunks for level 'ta-1'/Nether
[18:31:50] [Server thread/INFO]: Saving chunks for level 'ta-1'/The End
[18:36:44] [Client thread/INFO]: Stopping!
[18:36:44] [Client thread/INFO]: SoundSystem shutting down...
[18:36:44] [Server thread/INFO]: Stopping server
[18:36:44] [Server thread/INFO]: Saving players
[18:36:44] [Server thread/INFO]: TuanAnh lost connection: TextComponent{text='Disconnected', siblings=[], style=Style{hasParent=false, color=null, bold=null, italic=null, underlined=null, obfuscated=null, clickEvent=null, hoverEvent=null, insertion=null}}
[18:36:44] [Server thread/INFO]: TuanAnh left the game
[18:36:44] [Server thread/INFO]: Stopping singleplayer server as player logged out
[18:36:44] [Server thread/INFO]: Saving worlds
[18:36:44] [Server thread/INFO]: Saving chunks for level 'ta-1'/Overworld
[18:36:44] [Client thread/WARN]: Author: Paul Lamb, www.paulscode.com
[18:36:45] [Server thread/INFO]: Saving chunks for level 'ta-1'/Nether
[18:36:45] [Server thread/INFO]: Saving chunks for level 'ta-1'/The End
